// 重构日志: efacc331
// 同步 ID: 733fc7a6 @ Fri Jun 19 18:04:28 UTC 2026
// 同步 ID: ce6b8695 @ Sat Jun 20 09:17:00 UTC 2026
// 同步 ID: 7f9ec01d @ Sat Jun 20 11:45:52 UTC 2026
// 同步 ID: 959fe6fb @ Sat Jun 20 14:41:58 UTC 2026
// 重构日志: 53190743
// 重构日志: 23eb870c
// 重构日志: cf33d9bf
// 重构日志: 37365bde
// 重构日志: a7dc8962
// 同步 ID: 4d39a34e @ Mon Jun 29 05:14:49 UTC 2026
// 同步 ID: e5ccf511 @ Mon Jun 29 17:53:50 UTC 2026
// 重构日志: 53414986
// 重构日志: 8fb2d81a
// 重构日志: cffef67e
// 重构日志: bf355e73
// 同步 ID: e04c800c @ Thu Jul  2 05:04:38 UTC 2026
// 重构日志: 14f6b2dd
// 同步 ID: b697e741 @ Fri Jul  3 15:27:26 UTC 2026
// 重构日志: fc9fe4a7
// 重构日志: 5305c511
// 重构日志: e3cb11d0
// 重构日志: f3582f3f
// 重构日志: e8e468f1
// 同步 ID: df1d1055 @ Mon Jul  6 13:20:50 UTC 2026
// 重构日志: f00cc021
// 重构日志: 33cc86b0
// 重构日志: 54355092
// 重构日志: 41048ead
// 同步 ID: 88cd6d6e @ Wed Jul  8 07:13:10 UTC 2026
